<?xml version="1.0" encoding="UTF-8"?>
<testsuite name="TestSuite" time="0.193" tests="9" errors="0" skipped="0" failures="0">
  <properties>
    <property name="java.runtime.name" value="Java(TM) SE Runtime Environment"/>
    <property name="java.vm.version" value="15.0.2+7-27"/>
    <property name="sun.boot.library.path" value="C:\Program Files\Java\jdk-15.0.2\bin"/>
    <property name="maven.multiModuleProjectDirectory" value="C:\Users\ajay.kumar15\Downloads\Intigral-ott-PopcornAPI-main\Intigral-ott-PopcornAPI-main"/>
    <property name="java.vm.vendor" value="Oracle Corporation"/>
    <property name="threadCount" value="1"/>
    <property name="java.vendor.url" value="https://java.oracle.com/"/>
    <property name="guice.disable.misplaced.annotation.check" value="true"/>
    <property name="path.separator" value=";"/>
    <property name="java.vm.name" value="Java HotSpot(TM) 64-Bit Server VM"/>
    <property name="sun.os.patch.level" value=""/>
    <property name="env" value="nonProd"/>
    <property name="user.script" value=""/>
    <property name="user.country" value="US"/>
    <property name="sun.java.launcher" value="SUN_STANDARD"/>
    <property name="java.vm.specification.name" value="Java Virtual Machine Specification"/>
    <property name="user.dir" value="C:\Users\ajay.kumar15\Downloads\Intigral-ott-PopcornAPI-main\Intigral-ott-PopcornAPI-main"/>
    <property name="java.vm.compressedOopsMode" value="Zero based"/>
    <property name="java.runtime.version" value="15.0.2+7-27"/>
    <property name="os.arch" value="amd64"/>
    <property name="java.io.tmpdir" value="C:\Users\AJAY~1.KUM\AppData\Local\Temp\"/>
    <property name="line.separator" value="&#10;"/>
    <property name="java.vm.specification.vendor" value="Oracle Corporation"/>
    <property name="user.variant" value=""/>
    <property name="os.name" value="Windows 10"/>
    <property name="classworlds.conf" value="C:\Users\ajay.kumar15\Downloads\apache-maven-3.6.3-bin\apache-maven-3.6.3\bin\..\bin\m2.conf"/>
    <property name="sun.jnu.encoding" value="Cp1252"/>
    <property name="java.library.path" value="C:\Program Files\Java\jdk-15.0.2\bin;C:\windows\Sun\Java\bin;C:\windows\system32;C:\windows;C:\Program Files\Common Files\Oracle\Java\javapath;C:\Program Files (x86)\Common Files\Oracle\Java\javapath;C:\windows\system32;C:\windows;C:\windows\System32\Wbem;C:\windows\System32\WindowsPowerShell\v1.0\;C:\windows\System32\OpenSSH\;C:\Program Files\PuTTY\;C:\Program Files\TortoiseGit\bin;C:\Program Files\Git\cmd;C:\Users\ajay.kumar15\Downloads\apache-maven-3.6.3-bin\apache-maven-3.6.3\bin;;C:\Program Files\Docker\Docker\resources\bin;C:\ProgramData\DockerDesktop\version-bin;C:\Users\ajay.kumar15\scoop\shims;C:\Users\ajay.kumar15\AppData\Local\Microsoft\WindowsApps;."/>
    <property name="maven.conf" value="C:\Users\ajay.kumar15\Downloads\apache-maven-3.6.3-bin\apache-maven-3.6.3\bin\../conf"/>
    <property name="jdk.debug" value="release"/>
    <property name="java.class.version" value="59.0"/>
    <property name="suite" value="PopcornAPI"/>
    <property name="java.specification.name" value="Java Platform API Specification"/>
    <property name="sun.management.compiler" value="HotSpot 64-Bit Tiered Compilers"/>
    <property name="os.version" value="10.0"/>
    <property name="library.jansi.path" value="C:\Users\ajay.kumar15\Downloads\apache-maven-3.6.3-bin\apache-maven-3.6.3\bin\..\lib\jansi-native"/>
    <property name="user.home" value="C:\Users\ajay.kumar15"/>
    <property name="user.timezone" value="Asia/Calcutta"/>
    <property name="file.encoding" value="Cp1252"/>
    <property name="java.specification.version" value="15"/>
    <property name="user.name" value="ajay.kumar15"/>
    <property name="java.class.path" value="C:\Users\ajay.kumar15\Downloads\apache-maven-3.6.3-bin\apache-maven-3.6.3\bin\..\boot\plexus-classworlds-2.6.0.jar"/>
    <property name="java.vm.specification.version" value="15"/>
    <property name="sun.arch.data.model" value="64"/>
    <property name="sun.java.command" value="org.codehaus.plexus.classworlds.launcher.Launcher clean install -Denv=nonProd -Dsuite=PopcornAPI -DthreadCount=1"/>
    <property name="java.home" value="C:\Program Files\Java\jdk-15.0.2"/>
    <property name="user.language" value="en"/>
    <property name="java.specification.vendor" value="Oracle Corporation"/>
    <property name="java.vm.info" value="mixed mode, sharing"/>
    <property name="java.version" value="15.0.2"/>
    <property name="java.vendor" value="Oracle Corporation"/>
    <property name="sun.stderr.encoding" value="cp437"/>
    <property name="maven.home" value="C:\Users\ajay.kumar15\Downloads\apache-maven-3.6.3-bin\apache-maven-3.6.3\bin\.."/>
    <property name="file.separator" value="\"/>
    <property name="java.version.date" value="2021-01-19"/>
    <property name="java.vendor.url.bug" value="https://bugreport.java.com/bugreport/"/>
    <property name="sun.io.unicode.encoding" value="UnicodeLittle"/>
    <property name="sun.cpu.endian" value="little"/>
    <property name="sun.stdout.encoding" value="cp437"/>
    <property name="sun.cpu.isalist" value="amd64"/>
  </properties>
  <testcase name="promotionAPI_ResponseTime" classname="com.intigral.ott.popcorn.testcases.IntigralOttPopCornPromotions" time="0.01"/>
  <testcase name="promotionAPI_Success_StatusCode" classname="com.intigral.ott.popcorn.testcases.IntigralOttPopCornPromotions" time="0"/>
  <testcase name="popcornAPI_InvalidAPIKey_ResponseValidation" classname="com.intigral.ott.popcorn.testcases.IntigralOttPopcornPromotionsAPIErrorHandling" time="0"/>
  <testcase name="popcornAPI_InvalidAPIKey_StatusCode" classname="com.intigral.ott.popcorn.testcases.IntigralOttPopcornPromotionsAPIErrorHandling" time="0"/>
  <testcase name="promotionAPI_Promotions_Image" classname="com.intigral.ott.popcorn.testcases.IntigralOttPopCornPromotions" time="0.004"/>
  <testcase name="promotionAPI_Promotions_LocalisedText" classname="com.intigral.ott.popcorn.testcases.IntigralOttPopCornPromotions" time="0.006"/>
  <testcase name="promotionAPI_Promotions_Properties" classname="com.intigral.ott.popcorn.testcases.IntigralOttPopCornPromotions" time="0.067"/>
  <testcase name="promotionAPI_ResponseBody" classname="com.intigral.ott.popcorn.testcases.IntigralOttPopCornPromotions" time="0.033"/>
  <testcase name="promotionAPI_ResponseDataType" classname="com.intigral.ott.popcorn.testcases.IntigralOttPopCornPromotions" time="0.073"/>
</testsuite>