<?xml version="1.0" encoding="UTF-8"?>
<!-- Generated by org.testng.reporters.JUnitReportReporter -->
<testsuite hostname="del1-lhp-n72178" failures="0" tests="2" name="com.intigral.ott.popcorn.testcases.IntigralOttPopcornPromotionsAPIErrorHandling" time="0.001" errors="0" timestamp="2021-04-11T22:45:44 IST" skipped="0">
  <testcase classname="com.intigral.ott.popcorn.testcases.IntigralOttPopcornPromotionsAPIErrorHandling" name="popcornAPI_InvalidAPIKey_StatusCode" time="0.001"/>
  <system-out/>
  <testcase classname="com.intigral.ott.popcorn.testcases.IntigralOttPopcornPromotionsAPIErrorHandling" name="popcornAPI_InvalidAPIKey_ResponseValidation" time="0.000"/>
  <system-out/>
</testsuite> <!-- com.intigral.ott.popcorn.testcases.IntigralOttPopcornPromotionsAPIErrorHandling -->
