<?xml version="1.0" encoding="UTF-8"?>
<!-- Generated by org.testng.reporters.JUnitReportReporter -->
<testsuite hostname="del1-lhp-n72178" failures="0" tests="7" name="com.intigral.ott.popcorn.testcases.IntigralOttPopCornPromotions" time="0.020" errors="0" timestamp="2021-04-11T22:45:44 IST" skipped="0">
  <testcase classname="com.intigral.ott.popcorn.testcases.IntigralOttPopCornPromotions" name="promotionAPI_ResponseTime" time="0.010"/>
  <system-out/>
  <testcase classname="com.intigral.ott.popcorn.testcases.IntigralOttPopCornPromotions" name="promotionAPI_Success_StatusCode" time="0.001"/>
  <system-out/>
  <testcase classname="com.intigral.ott.popcorn.testcases.IntigralOttPopCornPromotions" name="promotionAPI_ResponseBody" time="0.001"/>
  <system-out/>
  <testcase classname="com.intigral.ott.popcorn.testcases.IntigralOttPopCornPromotions" name="promotionAPI_Promotions_Properties" time="0.003"/>
  <system-out/>
  <testcase classname="com.intigral.ott.popcorn.testcases.IntigralOttPopCornPromotions" name="promotionAPI_Promotions_Image" time="0.002"/>
  <system-out/>
  <testcase classname="com.intigral.ott.popcorn.testcases.IntigralOttPopCornPromotions" name="promotionAPI_Promotions_LocalisedText" time="0.001"/>
  <system-out/>
  <testcase classname="com.intigral.ott.popcorn.testcases.IntigralOttPopCornPromotions" name="promotionAPI_ResponseDataType" time="0.002"/>
  <system-out/>
</testsuite> <!-- com.intigral.ott.popcorn.testcases.IntigralOttPopCornPromotions -->
